0 info it worked if it ends with ok
1 verbose cli [ '/usr/local/bin/node', '/usr/local/bin/npm', 'install' ]
2 info using npm@2.14.2
3 info using node@v4.0.0
4 verbose readDependencies loading dependencies from /Users/james.rutledge/Desktop/sandbox/date_range_sandbox/package.json
5 error install Couldn't read dependencies
6 verbose stack Error: Invalid name: "daterangepicker sandbox"
6 verbose stack     at ensureValidName (/usr/local/lib/node_modules/npm/node_modules/normalize-package-data/lib/fixer.js:331:15)
6 verbose stack     at Object.module.exports.fixNameField (/usr/local/lib/node_modules/npm/node_modules/normalize-package-data/lib/fixer.js:210:5)
6 verbose stack     at /usr/local/lib/node_modules/npm/node_modules/normalize-package-data/lib/normalize.js:32:38
6 verbose stack     at Array.forEach (native)
6 verbose stack     at normalize (/usr/local/lib/node_modules/npm/node_modules/normalize-package-data/lib/normalize.js:31:15)
6 verbose stack     at final (/usr/local/lib/node_modules/npm/node_modules/read-package-json/read-json.js:338:5)
6 verbose stack     at then (/usr/local/lib/node_modules/npm/node_modules/read-package-json/read-json.js:113:5)
6 verbose stack     at ReadFileContext.callback (/usr/local/lib/node_modules/npm/node_modules/read-package-json/read-json.js:284:20)
6 verbose stack     at FSReqWrap.readFileAfterOpen [as oncomplete] (evalmachine.<anonymous>:303:13)
7 verbose cwd /Users/james.rutledge/Desktop/sandbox/date_range_sandbox
8 error Darwin 15.2.0
9 error argv "/usr/local/bin/node" "/usr/local/bin/npm" "install"
10 error node v4.0.0
11 error npm  v2.14.2
12 error Invalid name: "daterangepicker sandbox"
13 error If you need help, you may report this error at:
13 error     <https://github.com/npm/npm/issues>
14 verbose exit [ 1, true ]
